2025-05-02 21:53:33,860 INFO: 设备 教学楼B无线AP2-2(ID:109) 最终利用率: 27.60% (数据来源: 数据库值) [in C:\net\campus_network_monitor\app\controllers\monitor.py:327]
2025-05-02 21:53:33,860 INFO: 设备 教学楼B无线AP2-2(ID:109) 最终利用率: 27.60% (数据来源: 数据库值) [in C:\net\campus_network_monitor\app\controllers\monitor.py:327]
2025-05-02 21:53:33,873 INFO: 设备 学生宿舍1区无线AP2-2(ID:110) 最终利用率: 53.39% (数据来源: 数据库值) [in C:\net\campus_network_monitor\app\controllers\monitor.py:327]
2025-05-02 21:53:33,873 INFO: 设备 学生宿舍1区无线AP2-2(ID:110) 最终利用率: 53.39% (数据来源: 数据库值) [in C:\net\campus_network_monitor\app\controllers\monitor.py:327]
2025-05-02 21:53:33,877 INFO: 设备 图书馆无线AP1-2(ID:111) 最终利用率: 72.31% (数据来源: 数据库值) [in C:\net\campus_network_monitor\app\controllers\monitor.py:327]
2025-05-02 21:53:33,877 INFO: 设备 图书馆无线AP1-2(ID:111) 最终利用率: 72.31% (数据来源: 数据库值) [in C:\net\campus_network_monitor\app\controllers\monitor.py:327]
2025-05-02 21:53:33,882 INFO: 设备 学生宿舍1区无线AP1-2(ID:112) 最终利用率: 78.05% (数据来源: 数据库值) [in C:\net\campus_network_monitor\app\controllers\monitor.py:327]
2025-05-02 21:53:33,882 INFO: 设备 学生宿舍1区无线AP1-2(ID:112) 最终利用率: 78.05% (数据来源: 数据库值) [in C:\net\campus_network_monitor\app\controllers\monitor.py:327]
2025-05-02 21:53:33,886 INFO: 设备 网络中心无线AP1-2(ID:113) 最终利用率: 66.85% (数据来源: 数据库值) [in C:\net\campus_network_monitor\app\controllers\monitor.py:327]
2025-05-02 21:53:33,886 INFO: 设备 网络中心无线AP1-2(ID:113) 最终利用率: 66.85% (数据来源: 数据库值) [in C:\net\campus_network_monitor\app\controllers\monitor.py:327]
2025-05-02 21:53:33,890 INFO: 设备 行政楼无线AP1-2(ID:114) 最终利用率: 75.77% (数据来源: 数据库值) [in C:\net\campus_network_monitor\app\controllers\monitor.py:327]
2025-05-02 21:53:33,890 INFO: 设备 行政楼无线AP1-2(ID:114) 最终利用率: 75.77% (数据来源: 数据库值) [in C:\net\campus_network_monitor\app\controllers\monitor.py:327]
2025-05-02 21:53:33,894 INFO: 设备 学生宿舍2区无线AP2-2(ID:115) 最终利用率: 68.60% (数据来源: 数据库值) [in C:\net\campus_network_monitor\app\controllers\monitor.py:327]
2025-05-02 21:53:33,894 INFO: 设备 学生宿舍2区无线AP2-2(ID:115) 最终利用率: 68.60% (数据来源: 数据库值) [in C:\net\campus_network_monitor\app\controllers\monitor.py:327]
2025-05-02 21:53:33,899 INFO: 设备 科研楼无线AP1-2(ID:116) 最终利用率: 74.09% (数据来源: 数据库值) [in C:\net\campus_network_monitor\app\controllers\monitor.py:327]
2025-05-02 21:53:33,899 INFO: 设备 科研楼无线AP1-2(ID:116) 最终利用率: 74.09% (数据来源: 数据库值) [in C:\net\campus_network_monitor\app\controllers\monitor.py:327]
2025-05-02 21:53:33,903 INFO: 设备 科研楼无线AP2-2(ID:117) 最终利用率: 78.82% (数据来源: 数据库值) [in C:\net\campus_network_monitor\app\controllers\monitor.py:327]
2025-05-02 21:53:33,903 INFO: 设备 科研楼无线AP2-2(ID:117) 最终利用率: 78.82% (数据来源: 数据库值) [in C:\net\campus_network_monitor\app\controllers\monitor.py:327]
2025-05-02 21:53:33,907 INFO: 设备 教学楼B无线AP1-2(ID:118) 最终利用率: 49.19% (数据来源: 数据库值) [in C:\net\campus_network_monitor\app\controllers\monitor.py:327]
2025-05-02 21:53:33,907 INFO: 设备 教学楼B无线AP1-2(ID:118) 最终利用率: 49.19% (数据来源: 数据库值) [in C:\net\campus_network_monitor\app\controllers\monitor.py:327]
2025-05-02 21:53:33,910 INFO: 设备 体育馆无线AP1-2(ID:119) 最终利用率: 25.64% (数据来源: 数据库值) [in C:\net\campus_network_monitor\app\controllers\monitor.py:327]
2025-05-02 21:53:33,910 INFO: 设备 体育馆无线AP1-2(ID:119) 最终利用率: 25.64% (数据来源: 数据库值) [in C:\net\campus_network_monitor\app\controllers\monitor.py:327]
2025-05-02 21:53:33,913 INFO: 设备 Huashou1(ID:120) 最终利用率: 7.76% (数据来源: 随机值) [in C:\net\campus_network_monitor\app\controllers\monitor.py:327]
2025-05-02 21:53:33,913 INFO: 设备 Huashou1(ID:120) 最终利用率: 7.76% (数据来源: 随机值) [in C:\net\campus_network_monitor\app\controllers\monitor.py:327]
